// 重构日志: 5362dac2
// 同步 ID: 1ba35767 @ Fri Jul 10 10:57:15 UTC 2026
// 同步 ID: fd871373 @ Fri Jul 10 18:56:43 UTC 2026
// 同步 ID: 537559f1 @ Sat Jul 11 11:39:32 UTC 2026
// 重构日志: 11cb1d3a
// 重构日志: 09029284
// 同步 ID: a37c6497 @ Sat Jul 11 17:40:04 UTC 2026
// 重构日志: ec939ef7
// 重构日志: 95d37bae
// 同步 ID: 8a90e422 @ Sun Jul 12 18:06:31 UTC 2026
// 同步 ID: cb262580 @ Sun Jul 12 21:46:08 UTC 2026
// 重构日志: b6bc18ab
// 重构日志: 8bb23454
// 重构日志: aa26c50f
// 重构日志: df839f3a
// 重构日志: 310fdde6
// 重构日志: f00760d4
// 同步 ID: 329eb2d1 @ Wed Jul 15 15:43:23 UTC 2026
// 重构日志: ca35e518
// 同步 ID: 919e0072 @ Thu Jul 16 19:02:51 UTC 2026
// 重构日志: 966ac524
// 重构日志: 99326f1f
// 重构日志: c587bffc
// 重构日志: 9c18e5be
// 重构日志: 701d2753
// 重构日志: 0b916518
// 重构日志: e84c2d63
// 重构日志: 6f5c0d9d
// 同步 ID: f4a1d3d6 @ Tue Jul 21 13:44:16 UTC 2026
// 同步 ID: b8c039ab @ Wed Jul 22 15:59:09 UTC 2026
